\BOOKMARK [1][-]{section*.1}{Table des mati\350res}{}% 1
\BOOKMARK [0][-]{part.1}{I JUnit5 Jupiter}{}% 2
\BOOKMARK [1][-]{section.1}{Requirement}{part.1}% 3
\BOOKMARK [1][-]{section.2}{Dependencies}{part.1}% 4
\BOOKMARK [2][-]{subsection.2.1}{JUnit Jupiter Platform}{section.2}% 5
\BOOKMARK [2][-]{subsection.2.2}{JUnit Jupiter API}{section.2}% 6
\BOOKMARK [2][-]{subsection.2.3}{JUnit Jupiter Vintage}{section.2}% 7
\BOOKMARK [2][-]{subsection.2.4}{Build plugin}{section.2}% 8
\BOOKMARK [1][-]{section.3}{M\351thodes d'assertions}{part.1}% 9
\BOOKMARK [2][-]{subsection.3.1}{assertEquals}{section.3}% 10
\BOOKMARK [2][-]{subsection.3.2}{assertTrue et assertFalse}{section.3}% 11
\BOOKMARK [2][-]{subsection.3.3}{assertNull et assertNotNull}{section.3}% 12
\BOOKMARK [2][-]{subsection.3.4}{assertThrows}{section.3}% 13
\BOOKMARK [2][-]{subsection.3.5}{Test}{section.3}% 14
\BOOKMARK [2][-]{subsection.3.6}{BeforeAll}{section.3}% 15
\BOOKMARK [2][-]{subsection.3.7}{BeforeEach}{section.3}% 16
\BOOKMARK [2][-]{subsection.3.8}{AfterAll}{section.3}% 17
\BOOKMARK [2][-]{subsection.3.9}{AfterEach}{section.3}% 18
\BOOKMARK [1][-]{section.4}{Retour personnels}{part.1}% 19
\BOOKMARK [2][-]{subsection.4.1}{Vincent Galinier}{section.4}% 20
\BOOKMARK [2][-]{subsection.4.2}{Adrien Bouyssou}{section.4}% 21
